<?xml version="1.0" encoding="UTF-8"?>
<testng-results ignored="0" total="1" passed="1" failed="0" skipped="0">
  <reporter-output>
  </reporter-output>
  <suite started-at="2022-12-26T14:45:28 IST" name="Default suite" finished-at="2022-12-26T14:45:57 IST" duration-ms="29052">
    <groups>
    </groups>
    <test started-at="2022-12-26T14:45:28 IST" name="Default test" finished-at="2022-12-26T14:45:57 IST" duration-ms="29052">
      <class name="assignmentkevinsir.Flipkart01">
        <test-method signature="test()[pri:0, instance:assignmentkevinsir.Flipkart01@62e7f11d]" started-at="2022-12-26T14:45:28 IST" name="test" finished-at="2022-12-26T14:45:57 IST" duration-ms="28993" status="PASS">
          <reporter-output>
          </reporter-output>
        </test-method> <!-- test -->
      </class> <!-- assignmentkevinsir.Flipkart01 -->
    </test> <!-- Default test -->
  </suite> <!-- Default suite -->
</testng-results>
