<?xml version="1.0" encoding="UTF-8"?>
<!-- Generated by org.testng.reporters.JUnitXMLReporter -->
<testsuite ignored="0" hostname="DESKTOP-3SDJ1SU" failures="0" tests="4" name="TestBlock1" time="0.096" errors="0" timestamp="2022-12-16T16:03:38 IST">
  <testcase classname="parallelpractice.Reportmodule" name="createReport" time="0.015"/>
  <testcase classname="parallelpractice.Reportmodule" name="deleteReport" time="0.002"/>
  <testcase classname="parallelpractice.Taskmodule" name="createTask" time="0.002"/>
  <testcase classname="parallelpractice.Taskmodule" name="deleteTask" time="0.001"/>
</testsuite> <!-- TestBlock1 -->
