<?xml version="1.0" encoding="UTF-8"?>
<!-- Generated by org.testng.reporters.JUnitXMLReporter -->
<testsuite ignored="3" hostname="DESKTOP-3SDJ1SU" failures="0" tests="3" name="Test" time="0.088" errors="0" timestamp="2022-12-15T08:46:28 IST">
  <testcase classname="com.actitime.testscript.TestNG.TestDemo12" name="modifyCustomer" time="0.015"/>
  <testcase classname="com.actitime.testscript.TestNG.TestDemo12" name="deleteCustomer" time="0.003"/>
  <testcase classname="com.actitime.testscript.TestNG.Customermodule" name="registerCustomer" time="0.002"/>
  <testcase classname="com.actitime.testscript.TestNG.Customermodule" name="deleteCustomer" time="0.0">
    <ignored/>
  </testcase> <!-- deleteCustomer -->
  <testcase classname="com.actitime.testscript.TestNG.TestDemo12" name="createCustomer" time="0.0">
    <ignored/>
  </testcase> <!-- createCustomer -->
  <testcase classname="com.actitime.testscript.TestNG.Customermodule" name="editCustomer" time="0.0">
    <ignored/>
  </testcase> <!-- editCustomer -->
</testsuite> <!-- Test -->
