<?xml version="1.0" encoding="UTF-8"?>
<!-- Generated by org.testng.reporters.JUnitXMLReporter -->
<testsuite ignored="0" hostname="DESKTOP-3SDJ1SU" failures="0" tests="4" name="TestBlock2" time="0.096" errors="0" timestamp="2022-12-16T16:03:38 IST">
  <testcase classname="parallelpractice.Customermodule" name="createCustomer" time="0.015"/>
  <testcase classname="parallelpractice.Customermodule" name="deleteCustomer" time="0.002"/>
  <testcase classname="parallelpractice.Projectmodule" name="createProject" time="0.003"/>
  <testcase classname="parallelpractice.Projectmodule" name="deleteProject" time="0.003"/>
</testsuite> <!-- TestBlock2 -->
